0 info it worked if it ends with ok
1 verbose cli [ '/usr/bin/node', '/usr/bin/npm', 'install', 'custom_css' ]
2 info using npm@3.10.10
3 info using node@v6.11.4
4 silly loadCurrentTree Starting
5 silly install loadCurrentTree
6 silly install readLocalPackageData
7 silly fetchPackageMetaData custom_css
8 silly fetchNamedPackageData custom_css
9 silly mapToRegistry name custom_css
10 silly mapToRegistry using default registry
11 silly mapToRegistry registry https://registry.npmjs.org/
12 silly mapToRegistry data Result {
12 silly mapToRegistry   raw: 'custom_css',
12 silly mapToRegistry   scope: null,
12 silly mapToRegistry   escapedName: 'custom_css',
12 silly mapToRegistry   name: 'custom_css',
12 silly mapToRegistry   rawSpec: '',
12 silly mapToRegistry   spec: 'latest',
12 silly mapToRegistry   type: 'tag' }
13 silly mapToRegistry uri https://registry.npmjs.org/custom_css
14 verbose request uri https://registry.npmjs.org/custom_css
15 verbose request no auth needed
16 info attempt registry request try #1 at 10:29:19 PM
17 verbose request using bearer token for auth
18 verbose request id 9e5fec0e26c1f9c0
19 verbose etag "5a3006f1-749"
20 verbose lastModified Tue, 12 Dec 2017 16:42:25 GMT
21 http request GET https://registry.npmjs.org/custom_css
22 http 304 https://registry.npmjs.org/custom_css
23 verbose headers { date: 'Tue, 12 Dec 2017 16:59:21 GMT',
23 verbose headers   via: '1.1 varnish',
23 verbose headers   'cache-control': 'max-age=300',
23 verbose headers   etag: '"5a3006f1-749"',
23 verbose headers   age: '940',
23 verbose headers   connection: 'keep-alive',
23 verbose headers   'x-served-by': 'cache-sin18028-SIN',
23 verbose headers   'x-cache': 'HIT',
23 verbose headers   'x-cache-hits': '1',
23 verbose headers   'x-timer': 'S1513097961.304655,VS0,VE1',
23 verbose headers   vary: 'Accept-Encoding, Accept' }
24 silly get cb [ 304,
24 silly get   { date: 'Tue, 12 Dec 2017 16:59:21 GMT',
24 silly get     via: '1.1 varnish',
24 silly get     'cache-control': 'max-age=300',
24 silly get     etag: '"5a3006f1-749"',
24 silly get     age: '940',
24 silly get     connection: 'keep-alive',
24 silly get     'x-served-by': 'cache-sin18028-SIN',
24 silly get     'x-cache': 'HIT',
24 silly get     'x-cache-hits': '1',
24 silly get     'x-timer': 'S1513097961.304655,VS0,VE1',
24 silly get     vary: 'Accept-Encoding, Accept' } ]
25 verbose etag https://registry.npmjs.org/custom_css from cache
26 verbose get saving custom_css to /home/user/.npm/registry.npmjs.org/custom_css/.cache.json
27 verbose correctMkdir /home/user/.npm correctMkdir not in flight; initializing
28 silly install normalizeTree
29 silly loadCurrentTree Finishing
30 silly loadIdealTree Starting
31 silly install loadIdealTree
32 silly cloneCurrentTree Starting
33 silly install cloneCurrentTreeToIdealTree
34 silly cloneCurrentTree Finishing
35 silly loadShrinkwrap Starting
36 silly install loadShrinkwrap
37 silly loadShrinkwrap Finishing
38 silly loadAllDepsIntoIdealTree Starting
39 silly install loadAllDepsIntoIdealTree
40 silly rollbackFailedOptional Starting
41 silly rollbackFailedOptional Finishing
42 silly runTopLevelLifecycles Finishing
43 silly install printInstalled
44 verbose stack Error: Refusing to install custom_css as a dependency of itself
44 verbose stack     at checkSelf (/usr/lib/node_modules/npm/lib/install/validate-args.js:53:14)
44 verbose stack     at Array.<anonymous> (/usr/lib/node_modules/npm/node_modules/slide/lib/bind-actor.js:15:8)
44 verbose stack     at LOOP (/usr/lib/node_modules/npm/node_modules/slide/lib/chain.js:15:14)
44 verbose stack     at chain (/usr/lib/node_modules/npm/node_modules/slide/lib/chain.js:20:5)
44 verbose stack     at /usr/lib/node_modules/npm/lib/install/validate-args.js:16:5
44 verbose stack     at /usr/lib/node_modules/npm/node_modules/slide/lib/async-map.js:52:35
44 verbose stack     at Array.forEach (native)
44 verbose stack     at /usr/lib/node_modules/npm/node_modules/slide/lib/async-map.js:52:11
44 verbose stack     at Array.forEach (native)
44 verbose stack     at asyncMap (/usr/lib/node_modules/npm/node_modules/slide/lib/async-map.js:51:8)
45 verbose cwd /home/user/Documents/github/node-module-custom-css
46 error Linux 4.10.0-42-generic
47 error argv "/usr/bin/node" "/usr/bin/npm" "install" "custom_css"
48 error node v6.11.4
49 error npm  v3.10.10
50 error code ENOSELF
51 error Refusing to install custom_css as a dependency of itself
52 error If you need help, you may report this error at:
52 error     <https://github.com/npm/npm/issues>
53 verbose exit [ 1, true ]
